<?xml version="1.0" encoding="UTF-8"?>
<testsuite name="com.group.libraryapp.service.book.BookServiceTest" tests="4" skipped="0" failures="0" errors="0" timestamp="2022-08-14T06:49:46" hostname="DESKTOP-KO7JERK" time="0.563">
  <properties/>
  <testcase name="책 대출" classname="com.group.libraryapp.service.book.BookServiceTest" time="0.478"/>
  <testcase name="대출실패 (이미 대출이 된 책)" classname="com.group.libraryapp.service.book.BookServiceTest" time="0.033"/>
  <testcase name="책 반납" classname="com.group.libraryapp.service.book.BookServiceTest" time="0.03"/>
  <testcase name="책 저장" classname="com.group.libraryapp.service.book.BookServiceTest" time="0.015"/>
  <system-out><![CDATA[2022-08-14 15:49:46.362  INFO 17672 --- [    Test worker] .b.t.c.SpringBootTestContextBootstrapper : Neither @ContextConfiguration nor @ContextHierarchy found for test class [com.group.libraryapp.service.book.BookServiceTest], using SpringBootContextLoader
2022-08-14 15:49:46.363  INFO 17672 --- [    Test worker] o.s.t.c.support.AbstractContextLoader    : Could not detect default resource locations for test class [com.group.libraryapp.service.book.BookServiceTest]: no resource found for suffixes {-context.xml, Context.groovy}.
2022-08-14 15:49:46.364  INFO 17672 --- [    Test worker] t.c.s.AnnotationConfigContextLoaderUtils : Could not detect default configuration classes for test class [com.group.libraryapp.service.book.BookServiceTest]: BookServiceTest does not declare any static, non-private, non-final, nested classes annotated with @Configuration.
2022-08-14 15:49:46.382  INFO 17672 --- [    Test worker] .b.t.c.SpringBootTestContextBootstrapper : Found @SpringBootConfiguration com.group.libraryapp.LibraryAppApplication for test class com.group.libraryapp.service.book.BookServiceTest
2022-08-14 15:49:46.387  INFO 17672 --- [    Test worker] .b.t.c.SpringBootTestContextBootstrapper : Loaded default TestExecutionListener class names from location [META-INF/spring.factories]: [org.springframework.boot.test.autoconfigure.restdocs.RestDocsTestExecutionListener, org.springframework.boot.test.autoconfigure.web.client.MockRestServiceServerResetTestExecutionListener, org.springframework.boot.test.autoconfigure.web.servlet.MockMvcPrintOnlyOnFailureTestExecutionListener, org.springframework.boot.test.autoconfigure.web.servlet.WebDriverTestExecutionListener, org.springframework.boot.test.autoconfigure.webservices.client.MockWebServiceServerTestExecutionListener, org.springframework.boot.test.mock.mockito.MockitoTestExecutionListener, org.springframework.boot.test.mock.mockito.ResetMocksTestExecutionListener, org.springframework.test.context.web.ServletTestExecutionListener, org.springframework.test.context.support.DirtiesContextBeforeModesTestExecutionListener, org.springframework.test.context.event.ApplicationEventsTestExecutionListener, org.springframework.test.context.support.DependencyInjectionTestExecutionListener, org.springframework.test.context.support.DirtiesContextTestExecutionListener, org.springframework.test.context.transaction.TransactionalTestExecutionListener, org.springframework.test.context.jdbc.SqlScriptsTestExecutionListener, org.springframework.test.context.event.EventPublishingTestExecutionListener]
2022-08-14 15:49:46.387  INFO 17672 --- [    Test worker] .b.t.c.SpringBootTestContextBootstrapper : Using TestExecutionListeners: [org.springframework.test.context.web.ServletTestExecutionListener@57cfb4d8, org.springframework.test.context.support.DirtiesContextBeforeModesTestExecutionListener@d4f2f3d, org.springframework.test.context.event.ApplicationEventsTestExecutionListener@e5bce8e, org.springframework.boot.test.mock.mockito.MockitoTestExecutionListener@66ca8882, org.springframework.boot.test.autoconfigure.SpringBootDependencyInjectionTestExecutionListener@4c0989f7, org.springframework.test.context.support.DirtiesContextTestExecutionListener@384b718c, org.springframework.test.context.transaction.TransactionalTestExecutionListener@68b4e7b5, org.springframework.test.context.jdbc.SqlScriptsTestExecutionListener@5a88ecb9, org.springframework.test.context.event.EventPublishingTestExecutionListener@5ace902e, org.springframework.boot.test.autoconfigure.restdocs.RestDocsTestExecutionListener@396a4dea, org.springframework.boot.test.autoconfigure.web.client.MockRestServiceServerResetTestExecutionListener@76ac8c3d, org.springframework.boot.test.autoconfigure.web.servlet.MockMvcPrintOnlyOnFailureTestExecutionListener@6b5c4b75, org.springframework.boot.test.autoconfigure.web.servlet.WebDriverTestExecutionListener@453de9d0, org.springframework.boot.test.autoconfigure.webservices.client.MockWebServiceServerTestExecutionListener@2e53f980, org.springframework.boot.test.mock.mockito.ResetMocksTestExecutionListener@3c8c5513]
Hibernate: 
    insert 
    into
        book
        (id, name) 
    values
        (default, ?)
Hibernate: 
    insert 
    into
        user
        (id, age, name) 
    values
        (default, ?, ?)
Hibernate: 
    select
        book0_.id as id1_0_,
        book0_.name as name2_0_ 
    from
        book book0_ 
    where
        book0_.name=?
Hibernate: 
    select
        userloanhi0_.id as id1_4_,
        userloanhi0_.book_name as book_nam2_4_,
        userloanhi0_.is_return as is_retur3_4_,
        userloanhi0_.user_id as user_id4_4_ 
    from
        user_loan_history userloanhi0_ 
    where
        userloanhi0_.book_name=? 
        and userloanhi0_.is_return=?
Hibernate: 
    select
        user0_.id as id1_3_,
        user0_.age as age2_3_,
        user0_.name as name3_3_ 
    from
        user user0_ 
    where
        user0_.name=?
Hibernate: 
    insert 
    into
        user_loan_history
        (id, book_name, is_return, user_id) 
    values
        (default, ?, ?, ?)
Hibernate: 
    select
        userloanhi0_.id as id1_4_,
        userloanhi0_.book_name as book_nam2_4_,
        userloanhi0_.is_return as is_retur3_4_,
        userloanhi0_.user_id as user_id4_4_ 
    from
        user_loan_history userloanhi0_
Hibernate: 
    select
        user0_.id as id1_3_0_,
        user0_.age as age2_3_0_,
        user0_.name as name3_3_0_ 
    from
        user user0_ 
    where
        user0_.id=?
Hibernate: 
    select
        book0_.id as id1_0_,
        book0_.name as name2_0_ 
    from
        book book0_
Hibernate: 
    delete 
    from
        book 
    where
        id=?
Hibernate: 
    select
        user0_.id as id1_3_,
        user0_.age as age2_3_,
        user0_.name as name3_3_ 
    from
        user user0_
Hibernate: 
    select
        userloanhi0_.user_id as user_id4_4_0_,
        userloanhi0_.id as id1_4_0_,
        userloanhi0_.id as id1_4_1_,
        userloanhi0_.book_name as book_nam2_4_1_,
        userloanhi0_.is_return as is_retur3_4_1_,
        userloanhi0_.user_id as user_id4_4_1_ 
    from
        user_loan_history userloanhi0_ 
    where
        userloanhi0_.user_id=?
Hibernate: 
    delete 
    from
        user_loan_history 
    where
        id=?
Hibernate: 
    delete 
    from
        user 
    where
        id=?
Hibernate: 
    insert 
    into
        book
        (id, name) 
    values
        (default, ?)
Hibernate: 
    insert 
    into
        user
        (id, age, name) 
    values
        (default, ?, ?)
Hibernate: 
    insert 
    into
        user_loan_history
        (id, book_name, is_return, user_id) 
    values
        (default, ?, ?, ?)
Hibernate: 
    select
        book0_.id as id1_0_,
        book0_.name as name2_0_ 
    from
        book book0_ 
    where
        book0_.name=?
Hibernate: 
    select
        userloanhi0_.id as id1_4_,
        userloanhi0_.book_name as book_nam2_4_,
        userloanhi0_.is_return as is_retur3_4_,
        userloanhi0_.user_id as user_id4_4_ 
    from
        user_loan_history userloanhi0_ 
    where
        userloanhi0_.book_name=? 
        and userloanhi0_.is_return=?
Hibernate: 
    select
        user0_.id as id1_3_0_,
        user0_.age as age2_3_0_,
        user0_.name as name3_3_0_ 
    from
        user user0_ 
    where
        user0_.id=?
Hibernate: 
    select
        book0_.id as id1_0_,
        book0_.name as name2_0_ 
    from
        book book0_
Hibernate: 
    delete 
    from
        book 
    where
        id=?
Hibernate: 
    select
        user0_.id as id1_3_,
        user0_.age as age2_3_,
        user0_.name as name3_3_ 
    from
        user user0_
Hibernate: 
    select
        userloanhi0_.user_id as user_id4_4_0_,
        userloanhi0_.id as id1_4_0_,
        userloanhi0_.id as id1_4_1_,
        userloanhi0_.book_name as book_nam2_4_1_,
        userloanhi0_.is_return as is_retur3_4_1_,
        userloanhi0_.user_id as user_id4_4_1_ 
    from
        user_loan_history userloanhi0_ 
    where
        userloanhi0_.user_id=?
Hibernate: 
    delete 
    from
        user_loan_history 
    where
        id=?
Hibernate: 
    delete 
    from
        user 
    where
        id=?
Hibernate: 
    insert 
    into
        book
        (id, name) 
    values
        (default, ?)
Hibernate: 
    insert 
    into
        user
        (id, age, name) 
    values
        (default, ?, ?)
Hibernate: 
    insert 
    into
        user_loan_history
        (id, book_name, is_return, user_id) 
    values
        (default, ?, ?, ?)
Hibernate: 
    select
        user0_.id as id1_3_,
        user0_.age as age2_3_,
        user0_.name as name3_3_ 
    from
        user user0_ 
    where
        user0_.name=?
Hibernate: 
    select
        userloanhi0_.user_id as user_id4_4_0_,
        userloanhi0_.id as id1_4_0_,
        userloanhi0_.id as id1_4_1_,
        userloanhi0_.book_name as book_nam2_4_1_,
        userloanhi0_.is_return as is_retur3_4_1_,
        userloanhi0_.user_id as user_id4_4_1_ 
    from
        user_loan_history userloanhi0_ 
    where
        userloanhi0_.user_id=?
Hibernate: 
    update
        user_loan_history 
    set
        book_name=?,
        is_return=?,
        user_id=? 
    where
        id=?
Hibernate: 
    select
        userloanhi0_.id as id1_4_,
        userloanhi0_.book_name as book_nam2_4_,
        userloanhi0_.is_return as is_retur3_4_,
        userloanhi0_.user_id as user_id4_4_ 
    from
        user_loan_history userloanhi0_
Hibernate: 
    select
        user0_.id as id1_3_0_,
        user0_.age as age2_3_0_,
        user0_.name as name3_3_0_ 
    from
        user user0_ 
    where
        user0_.id=?
Hibernate: 
    select
        book0_.id as id1_0_,
        book0_.name as name2_0_ 
    from
        book book0_
Hibernate: 
    delete 
    from
        book 
    where
        id=?
Hibernate: 
    select
        user0_.id as id1_3_,
        user0_.age as age2_3_,
        user0_.name as name3_3_ 
    from
        user user0_
Hibernate: 
    select
        userloanhi0_.user_id as user_id4_4_0_,
        userloanhi0_.id as id1_4_0_,
        userloanhi0_.id as id1_4_1_,
        userloanhi0_.book_name as book_nam2_4_1_,
        userloanhi0_.is_return as is_retur3_4_1_,
        userloanhi0_.user_id as user_id4_4_1_ 
    from
        user_loan_history userloanhi0_ 
    where
        userloanhi0_.user_id=?
Hibernate: 
    delete 
    from
        user_loan_history 
    where
        id=?
Hibernate: 
    delete 
    from
        user 
    where
        id=?
Hibernate: 
    insert 
    into
        book
        (id, name) 
    values
        (default, ?)
Hibernate: 
    select
        book0_.id as id1_0_,
        book0_.name as name2_0_ 
    from
        book book0_
Hibernate: 
    select
        book0_.id as id1_0_,
        book0_.name as name2_0_ 
    from
        book book0_
Hibernate: 
    delete 
    from
        book 
    where
        id=?
Hibernate: 
    select
        user0_.id as id1_3_,
        user0_.age as age2_3_,
        user0_.name as name3_3_ 
    from
        user user0_
]]></system-out>
  <system-err><![CDATA[]]></system-err>
</testsuite>
