<?xml version="1.0" encoding="UTF-8"?>
<testsuite name="com.group.libraryapp.service.user.UserServiceTest" tests="4" skipped="0" failures="0" errors="0" timestamp="2022-08-14T06:49:47" hostname="DESKTOP-KO7JERK" time="0.099">
  <properties/>
  <testcase name="유저 저장" classname="com.group.libraryapp.service.user.UserServiceTest" time="0.021"/>
  <testcase name="유저 수정" classname="com.group.libraryapp.service.user.UserServiceTest" time="0.024"/>
  <testcase name="유저 조회" classname="com.group.libraryapp.service.user.UserServiceTest" time="0.03"/>
  <testcase name="유저 삭제" classname="com.group.libraryapp.service.user.UserServiceTest" time="0.02"/>
  <system-out><![CDATA[2022-08-14 15:49:46.989  INFO 17672 --- [    Test worker] .b.t.c.SpringBootTestContextBootstrapper : Neither @ContextConfiguration nor @ContextHierarchy found for test class [com.group.libraryapp.service.user.UserServiceTest], using SpringBootContextLoader
2022-08-14 15:49:46.990  INFO 17672 --- [    Test worker] o.s.t.c.support.AbstractContextLoader    : Could not detect default resource locations for test class [com.group.libraryapp.service.user.UserServiceTest]: no resource found for suffixes {-context.xml, Context.groovy}.
2022-08-14 15:49:46.990  INFO 17672 --- [    Test worker] t.c.s.AnnotationConfigContextLoaderUtils : Could not detect default configuration classes for test class [com.group.libraryapp.service.user.UserServiceTest]: UserServiceTest does not declare any static, non-private, non-final, nested classes annotated with @Configuration.
2022-08-14 15:49:47.007  INFO 17672 --- [    Test worker] .b.t.c.SpringBootTestContextBootstrapper : Found @SpringBootConfiguration com.group.libraryapp.LibraryAppApplication for test class com.group.libraryapp.service.user.UserServiceTest
2022-08-14 15:49:47.011  INFO 17672 --- [    Test worker] .b.t.c.SpringBootTestContextBootstrapper : Loaded default TestExecutionListener class names from location [META-INF/spring.factories]: [org.springframework.boot.test.autoconfigure.restdocs.RestDocsTestExecutionListener, org.springframework.boot.test.autoconfigure.web.client.MockRestServiceServerResetTestExecutionListener, org.springframework.boot.test.autoconfigure.web.servlet.MockMvcPrintOnlyOnFailureTestExecutionListener, org.springframework.boot.test.autoconfigure.web.servlet.WebDriverTestExecutionListener, org.springframework.boot.test.autoconfigure.webservices.client.MockWebServiceServerTestExecutionListener, org.springframework.boot.test.mock.mockito.MockitoTestExecutionListener, org.springframework.boot.test.mock.mockito.ResetMocksTestExecutionListener, org.springframework.test.context.web.ServletTestExecutionListener, org.springframework.test.context.support.DirtiesContextBeforeModesTestExecutionListener, org.springframework.test.context.event.ApplicationEventsTestExecutionListener, org.springframework.test.context.support.DependencyInjectionTestExecutionListener, org.springframework.test.context.support.DirtiesContextTestExecutionListener, org.springframework.test.context.transaction.TransactionalTestExecutionListener, org.springframework.test.context.jdbc.SqlScriptsTestExecutionListener, org.springframework.test.context.event.EventPublishingTestExecutionListener]
2022-08-14 15:49:47.011  INFO 17672 --- [    Test worker] .b.t.c.SpringBootTestContextBootstrapper : Using TestExecutionListeners: [org.springframework.test.context.web.ServletTestExecutionListener@9d4d221, org.springframework.test.context.support.DirtiesContextBeforeModesTestExecutionListener@4dfe5727, org.springframework.test.context.event.ApplicationEventsTestExecutionListener@3129792a, org.springframework.boot.test.mock.mockito.MockitoTestExecutionListener@13617139, org.springframework.boot.test.autoconfigure.SpringBootDependencyInjectionTestExecutionListener@3c0becae, org.springframework.test.context.support.DirtiesContextTestExecutionListener@373c367, org.springframework.test.context.transaction.TransactionalTestExecutionListener@79690a0a, org.springframework.test.context.jdbc.SqlScriptsTestExecutionListener@619944a7, org.springframework.test.context.event.EventPublishingTestExecutionListener@294aaa6, org.springframework.boot.test.autoconfigure.restdocs.RestDocsTestExecutionListener@1f612968, org.springframework.boot.test.autoconfigure.web.client.MockRestServiceServerResetTestExecutionListener@2ee949d4, org.springframework.boot.test.autoconfigure.web.servlet.MockMvcPrintOnlyOnFailureTestExecutionListener@57e9cd2, org.springframework.boot.test.autoconfigure.web.servlet.WebDriverTestExecutionListener@2298d741, org.springframework.boot.test.autoconfigure.webservices.client.MockWebServiceServerTestExecutionListener@34a48013, org.springframework.boot.test.mock.mockito.ResetMocksTestExecutionListener@50e7d8ba]
Hibernate: 
    insert 
    into
        user
        (id, age, name) 
    values
        (default, ?, ?)
Hibernate: 
    select
        user0_.id as id1_3_,
        user0_.age as age2_3_,
        user0_.name as name3_3_ 
    from
        user user0_
Hibernate: 
    select
        user0_.id as id1_3_,
        user0_.age as age2_3_,
        user0_.name as name3_3_ 
    from
        user user0_
Hibernate: 
    select
        userloanhi0_.user_id as user_id4_4_0_,
        userloanhi0_.id as id1_4_0_,
        userloanhi0_.id as id1_4_1_,
        userloanhi0_.book_name as book_nam2_4_1_,
        userloanhi0_.is_return as is_retur3_4_1_,
        userloanhi0_.user_id as user_id4_4_1_ 
    from
        user_loan_history userloanhi0_ 
    where
        userloanhi0_.user_id=?
Hibernate: 
    delete 
    from
        user 
    where
        id=?
Hibernate: 
    insert 
    into
        user
        (id, age, name) 
    values
        (default, ?, ?)
Hibernate: 
    select
        user0_.id as id1_3_0_,
        user0_.age as age2_3_0_,
        user0_.name as name3_3_0_ 
    from
        user user0_ 
    where
        user0_.id=?
Hibernate: 
    update
        user 
    set
        age=?,
        name=? 
    where
        id=?
Hibernate: 
    select
        user0_.id as id1_3_,
        user0_.age as age2_3_,
        user0_.name as name3_3_ 
    from
        user user0_
Hibernate: 
    select
        user0_.id as id1_3_,
        user0_.age as age2_3_,
        user0_.name as name3_3_ 
    from
        user user0_
Hibernate: 
    select
        userloanhi0_.user_id as user_id4_4_0_,
        userloanhi0_.id as id1_4_0_,
        userloanhi0_.id as id1_4_1_,
        userloanhi0_.book_name as book_nam2_4_1_,
        userloanhi0_.is_return as is_retur3_4_1_,
        userloanhi0_.user_id as user_id4_4_1_ 
    from
        user_loan_history userloanhi0_ 
    where
        userloanhi0_.user_id=?
Hibernate: 
    delete 
    from
        user 
    where
        id=?
Hibernate: 
    insert 
    into
        user
        (id, age, name) 
    values
        (default, ?, ?)
Hibernate: 
    insert 
    into
        user
        (id, age, name) 
    values
        (default, ?, ?)
Hibernate: 
    select
        user0_.id as id1_3_,
        user0_.age as age2_3_,
        user0_.name as name3_3_ 
    from
        user user0_
Hibernate: 
    select
        user0_.id as id1_3_,
        user0_.age as age2_3_,
        user0_.name as name3_3_ 
    from
        user user0_
Hibernate: 
    select
        userloanhi0_.user_id as user_id4_4_0_,
        userloanhi0_.id as id1_4_0_,
        userloanhi0_.id as id1_4_1_,
        userloanhi0_.book_name as book_nam2_4_1_,
        userloanhi0_.is_return as is_retur3_4_1_,
        userloanhi0_.user_id as user_id4_4_1_ 
    from
        user_loan_history userloanhi0_ 
    where
        userloanhi0_.user_id=?
Hibernate: 
    select
        userloanhi0_.user_id as user_id4_4_0_,
        userloanhi0_.id as id1_4_0_,
        userloanhi0_.id as id1_4_1_,
        userloanhi0_.book_name as book_nam2_4_1_,
        userloanhi0_.is_return as is_retur3_4_1_,
        userloanhi0_.user_id as user_id4_4_1_ 
    from
        user_loan_history userloanhi0_ 
    where
        userloanhi0_.user_id=?
Hibernate: 
    delete 
    from
        user 
    where
        id=?
Hibernate: 
    delete 
    from
        user 
    where
        id=?
Hibernate: 
    insert 
    into
        user
        (id, age, name) 
    values
        (default, ?, ?)
Hibernate: 
    select
        user0_.id as id1_3_,
        user0_.age as age2_3_,
        user0_.name as name3_3_ 
    from
        user user0_ 
    where
        user0_.name=?
Hibernate: 
    select
        userloanhi0_.user_id as user_id4_4_0_,
        userloanhi0_.id as id1_4_0_,
        userloanhi0_.id as id1_4_1_,
        userloanhi0_.book_name as book_nam2_4_1_,
        userloanhi0_.is_return as is_retur3_4_1_,
        userloanhi0_.user_id as user_id4_4_1_ 
    from
        user_loan_history userloanhi0_ 
    where
        userloanhi0_.user_id=?
Hibernate: 
    delete 
    from
        user 
    where
        id=?
Hibernate: 
    select
        user0_.id as id1_3_,
        user0_.age as age2_3_,
        user0_.name as name3_3_ 
    from
        user user0_
Hibernate: 
    select
        user0_.id as id1_3_,
        user0_.age as age2_3_,
        user0_.name as name3_3_ 
    from
        user user0_
]]></system-out>
  <system-err><![CDATA[]]></system-err>
</testsuite>
