<?xml version="1.0" encoding="UTF-8"?>
<testsuite name="com.group.libraryapp.JunitTest" tests="2" skipped="0" failures="0" errors="0" timestamp="2022-08-14T06:49:46" hostname="DESKTOP-KO7JERK" time="0.006">
  <properties/>
  <testcase name="test1()" classname="com.group.libraryapp.JunitTest" time="0.004"/>
  <testcase name="test2()" classname="com.group.libraryapp.JunitTest" time="0.001"/>
  <system-out><![CDATA[모든 테스트 시작전 한번만 실행
각 테스트 시작 전
테스트1
각 테스트 시작 후 
각 테스트 시작 전
테스트2
각 테스트 시작 후 
모든 테스트 시작후 한번만 실행
]]></system-out>
  <system-err><![CDATA[]]></system-err>
</testsuite>
